2024-02-07 11:34:12,384 - Opened Magnuson Hotels website
2024-02-07 11:34:12,446 - Clicked on the login button
2024-02-07 11:34:12,499 - Clicked on the forgot password link: <selenium.webdriver.remote.webelement.WebElement (session="c9f60e5ea41c2acd5a67b6fbeb0440b0", element="B122E61CB73FA96A9835A2DC7C62CC87_element_106")>
2024-02-07 11:34:12,686 - Entered email for password reset: <selenium.webdriver.remote.webelement.WebElement (session="c9f60e5ea41c2acd5a67b6fbeb0440b0", element="B122E61CB73FA96A9835A2DC7C62CC87_element_107")>
2024-02-07 11:34:12,759 - Clicked on reset button: <selenium.webdriver.remote.webelement.WebElement (session="c9f60e5ea41c2acd5a67b6fbeb0440b0", element="B122E61CB73FA96A9835A2DC7C62CC87_element_33")>
2024-02-07 11:34:17,790 - Opened a new tab
2024-02-07 11:34:17,800 - Switched to the second tab
2024-02-07 11:34:31,736 - Opened Yopmail website
2024-02-07 11:34:31,809 - Entered email for reset on Yopmail: <selenium.webdriver.remote.webelement.WebElement (session="c9f60e5ea41c2acd5a67b6fbeb0440b0", element="414E12CAB69EF6F9FA603BF9C87D4278_element_6")>
2024-02-07 11:34:36,388 - Clicked on reset submit button: <selenium.webdriver.remote.webelement.WebElement (session="c9f60e5ea41c2acd5a67b6fbeb0440b0", element="414E12CAB69EF6F9FA603BF9C87D4278_element_33")>
2024-02-07 11:34:46,416 - Switched to iframe for reset email
2024-02-07 11:34:46,508 - Clicked on reset link: <selenium.webdriver.remote.webelement.WebElement (session="c9f60e5ea41c2acd5a67b6fbeb0440b0", element="A63538D4591703BCF0E59F0EF36BC53B_element_59")>
2024-02-07 11:34:46,509 - Switched back to default content
2024-02-07 11:34:56,526 - An error occurred: Message: no such element: Unable to locate element: {"method":"xpath","selector":"/html/body/main/section[2]/div/div/div/div/div[1]/label"}
  (Session info: chrome=120.0.6099.234); For documentation on this error, please visit: https://www.selenium.dev/documentation/webdriver/troubleshooting/errors#no-such-element-exception
Stacktrace:
0   chromedriver                        0x0000000108abacc8 chromedriver + 4844744
1   chromedriver                        0x0000000108ab2243 chromedriver + 4809283
2   chromedriver                        0x000000010868077d chromedriver + 411517
3   chromedriver                        0x00000001086d0ee0 chromedriver + 741088
4   chromedriver                        0x00000001086d1091 chromedriver + 741521
5   chromedriver                        0x000000010871cab4 chromedriver + 1051316
6   chromedriver                        0x00000001086faced chromedriver + 912621
7   chromedriver                        0x0000000108719d42 chromedriver + 1039682
8   chromedriver                        0x00000001086faa63 chromedriver + 911971
9   chromedriver                        0x00000001086c21b3 chromedriver + 680371
10  chromedriver                        0x00000001086c37ce chromedriver + 686030
11  chromedriver                        0x0000000108a7a642 chromedriver + 4580930
12  chromedriver                        0x0000000108a7f9cc chromedriver + 4602316
13  chromedriver                        0x0000000108a5fe11 chromedriver + 4472337
14  chromedriver                        0x0000000108a80746 chromedriver + 4605766
15  chromedriver                        0x0000000108a5139c chromedriver + 4412316
16  chromedriver                        0x0000000108aa0868 chromedriver + 4737128
17  chromedriver                        0x0000000108aa0a1e chromedriver + 4737566
18  chromedriver                        0x0000000108ab1e83 chromedriver + 4808323
19  libsystem_pthread.dylib             0x00007ff808e051d3 _pthread_start + 125
20  libsystem_pthread.dylib             0x00007ff808e00bd3 thread_start + 15

